2020-10-23 01:06:02,313 - master-node - INFO - init_cluster() was called....
2020-10-23 01:06:02,313 - master-node - INFO - Assigning IP address for kv store
2020-10-23 01:06:03,388 - master-node - INFO - Checking if key value store already exists....
2020-10-23 01:06:04,021 - master-node - INFO - Creating key value store....
2020-10-23 01:06:12,482 - master-node - INFO - Key value store created....
2020-10-23 01:06:12,483 - master-node - INFO - Assigned KV ip address
2020-10-23 01:06:12,483 - master-node - INFO - Creating 3 workers....
2020-10-23 01:06:13,439 - master-node - INFO - Checking if worker-2 already exists....
2020-10-23 01:06:13,455 - master-node - INFO - Checking if worker-0 already exists....
2020-10-23 01:06:13,459 - master-node - INFO - Checking if worker-1 already exists....
2020-10-23 01:06:13,972 - master-node - INFO - Creating worker-2 ....
2020-10-23 01:06:14,002 - master-node - INFO - Creating worker-1 ....
2020-10-23 01:06:14,002 - master-node - INFO - Creating worker-0 ....
2020-10-23 01:06:30,145 - master-node - INFO - Created worker-1 ....
2020-10-23 01:06:31,027 - master-node - INFO - Created worker-0 ....
2020-10-23 01:06:32,205 - master-node - INFO - Created worker-2 ....
2020-10-23 01:06:32,211 - master-node - INFO - created workers....
2020-10-23 01:06:32,212 - master-node - INFO - Waiting for workers nodes to start...
2020-10-23 01:07:15,805 - master-node - INFO - Worker nodes started...
2020-10-23 01:07:15,806 - master-node - INFO - Storing data in kv store...
2020-10-23 01:07:16,021 - master-node - INFO - Kv store started....
2020-10-23 01:07:16,021 - master-node - INFO - run_mapred called....
2020-10-23 01:07:17,769 - master-node - INFO - processing input....
2020-10-23 01:07:17,770 - master-node - INFO - processing input file....
2020-10-23 01:07:17,774 - master-node - INFO - storing chunks in kv store....
2020-10-23 01:07:18,053 - master-node - INFO - stored chunks in kv store....
2020-10-23 01:07:18,054 - master-node - INFO - storing chunks in kv store....
2020-10-23 01:07:18,336 - master-node - INFO - stored chunks in kv store....
2020-10-23 01:07:18,434 - master-node - INFO - Input processing done...
2020-10-23 01:07:18,434 - master-node - INFO - distibuting tasks among mappers...
2020-10-23 01:07:18,434 - master-node - INFO - distibuting a task among mapper number 0...
2020-10-23 01:07:18,436 - master-node - INFO - distibuting a task among mapper number 1...
2020-10-23 01:07:19,362 - master-node - INFO - calling a mapper with task...0
2020-10-23 01:07:19,381 - master-node - INFO - calling a mapper with task...0
2020-10-23 01:07:20,111 - master-node - INFO - waiting for a mapper...
2020-10-23 01:07:20,111 - master-node - INFO - tasks for a mapper is done...
2020-10-23 01:07:20,176 - master-node - INFO - waiting for a mapper...
2020-10-23 01:07:20,177 - master-node - INFO - tasks for a mapper is done...
2020-10-23 01:07:20,180 - master-node - INFO - All a mapper done...
2020-10-23 01:07:20,181 - master-node - INFO - Called intermediate combiner...
2020-10-23 01:07:20,181 - master-node - INFO - Fetching data for intermediate function...
2020-10-23 01:07:20,344 - master-node - INFO - Fetching data for intermediate function...
2020-10-23 01:07:20,502 - master-node - INFO - Fetched all data for intermediate function...
2020-10-23 01:07:20,502 - master-node - INFO - Preparing reducer data..
2020-10-23 01:07:20,522 - master-node - INFO - Storing reducer input data..
2020-10-23 01:07:21,720 - master-node - INFO - Stored reducer input data..
2020-10-23 01:07:22,737 - master-node - INFO - calling a reducer...0
2020-10-23 01:07:23,552 - master-node - INFO - calling a reducer...1
2020-10-23 01:07:23,915 - master-node - INFO - calling a reducer...2
2020-10-23 01:07:24,388 - master-node - INFO - reducer task done..
