
2020-10-21 04:25:51,387 - master-node - INFO - key value store created....
2020-10-21 04:25:51,619 - master-node - INFO - Assigned KV ip address
2020-10-21 04:25:51,619 - master-node - INFO - Connecting to kv store...
2020-10-21 04:25:51,619 - master-node - INFO - Connected to kv store...
2020-10-21 04:25:51,619 - master-node - INFO - creating workers....
2020-10-21 04:25:52,959 - master-node - INFO - creating a worker
2020-10-21 04:26:01,217 - master-node - INFO - created a worker
2020-10-21 04:26:01,450 - master-node - INFO - created workers....
2020-10-21 04:26:01,450 - master-node - INFO - Connecting to workers....
2020-10-21 04:26:01,450 - master-node - INFO - connecting to a worker....
2020-10-21 04:26:01,451 - master-node - INFO - connected to a worker....
2020-10-21 04:26:01,451 - master-node - INFO - Connected to workers....
2020-10-21 04:26:01,451 - master-node - INFO - initializing kv folders....
2020-10-21 04:26:20,898 - master-node - INFO - error initializing kv folders....
2020-10-21 04:26:20,899 - master-node - INFO - initializing kv folders....
2020-10-21 04:26:20,941 - master-node - INFO - error initializing kv folders....
2020-10-21 04:26:20,941 - master-node - INFO - initializing kv folders....
2020-10-21 04:26:20,982 - master-node - INFO - error initializing kv folders....
2020-10-21 04:26:20,983 - master-node - INFO - initializing kv folders....
2020-10-21 04:26:21,024 - master-node - INFO - error initializing kv folders....
2020-10-21 04:26:21,024 - master-node - INFO - initializing kv folders....
2020-10-21 04:26:21,065 - master-node - INFO - error initializing kv folders....
2020-10-21 04:26:21,065 - master-node - INFO - initializing kv folders....
2020-10-21 04:26:21,105 - master-node - INFO - error initializing kv folders....
2020-10-21 04:26:21,106 - master-node - INFO - initializing kv folders....
2020-10-21 04:26:21,146 - master-node - INFO - error initializing kv folders....
2020-10-21 04:26:21,146 - master-node - INFO - initializing kv folders....
2020-10-21 04:26:21,187 - master-node - INFO - error initializing kv folders....
2020-10-21 04:26:21,187 - master-node - INFO - initializing kv folders....
2020-10-21 04:26:21,228 - master-node - INFO - error initializing kv folders....
2020-10-21 04:26:21,228 - master-node - INFO - initializing kv folders....
2020-10-21 04:26:21,269 - master-node - INFO - error initializing kv folders....
2020-10-21 04:26:21,270 - master-node - INFO - initializing kv folders....
2020-10-21 04:26:21,310 - master-node - INFO - error initializing kv folders....
2020-10-21 04:26:21,311 - master-node - INFO - initializing kv folders....
2020-10-21 04:26:21,351 - master-node - INFO - error initializing kv folders....
2020-10-21 04:26:21,351 - master-node - INFO - initializing kv folders....
2020-10-21 04:26:21,393 - master-node - INFO - error initializing kv folders....
2020-10-21 04:26:21,394 - master-node - INFO - initializing kv folders....
2020-10-21 04:26:21,434 - master-node - INFO - error initializing kv folders....
2020-10-21 04:26:21,435 - master-node - INFO - initializing kv folders....
2020-10-21 04:26:21,477 - master-node - INFO - error initializing kv folders....
2020-10-21 04:26:21,477 - master-node - INFO - initializing kv folders....
2020-10-21 04:26:21,518 - master-node - INFO - error initializing kv folders....
2020-10-21 04:26:21,519 - master-node - INFO - initializing kv folders....
2020-10-21 04:26:21,559 - master-node - INFO - error initializing kv folders....
2020-10-21 04:26:21,559 - master-node - INFO - initializing kv folders....
2020-10-21 04:26:21,600 - master-node - INFO - error initializing kv folders....
2020-10-21 04:26:21,600 - master-node - INFO - initializing kv folders....
2020-10-21 04:26:21,641 - master-node - INFO - error initializing kv folders....
2020-10-21 04:26:21,642 - master-node - INFO - initializing kv folders....
2020-10-21 04:26:21,682 - master-node - INFO - error initializing kv folders....
2020-10-21 04:26:21,683 - master-node - INFO - initializing kv folders....
2020-10-21 04:26:21,724 - master-node - INFO - error initializing kv folders....
2020-10-21 04:26:21,725 - master-node - INFO - initializing kv folders....
2020-10-21 04:26:21,765 - master-node - INFO - error initializing kv folders....
2020-10-21 04:26:21,766 - master-node - INFO - initializing kv folders....
2020-10-21 04:26:21,806 - master-node - INFO - error initializing kv folders....
2020-10-21 04:26:21,807 - master-node - INFO - initializing kv folders....
2020-10-21 04:26:21,847 - master-node - INFO - error initializing kv folders....
2020-10-21 04:26:21,848 - master-node - INFO - initializing kv folders....
2020-10-21 04:26:21,888 - master-node - INFO - error initializing kv folders....
2020-10-21 04:26:21,889 - master-node - INFO - initializing kv folders....
2020-10-21 04:26:21,930 - master-node - INFO - error initializing kv folders....
2020-10-21 04:26:21,930 - master-node - INFO - initializing kv folders....
2020-10-21 04:26:21,972 - master-node - INFO - error initializing kv folders....
2020-10-21 04:26:21,972 - master-node - INFO - initializing kv folders....
2020-10-21 04:26:22,015 - master-node - INFO - error initializing kv folders....
2020-10-21 04:26:22,015 - master-node - INFO - initializing kv folders....
2020-10-21 04:26:22,056 - master-node - INFO - error initializing kv folders....
2020-10-21 04:26:22,056 - master-node - INFO - initializing kv folders....
2020-10-21 04:26:22,097 - master-node - INFO - error initializing kv folders....
2020-10-21 04:26:22,097 - master-node - INFO - initializing kv folders....
2020-10-21 04:26:22,138 - master-node - INFO - error initializing kv folders....
2020-10-21 04:26:22,139 - master-node - INFO - initializing kv folders....
2020-10-21 04:26:22,188 - master-node - INFO - error initializing kv folders....
2020-10-21 04:26:22,189 - master-node - INFO - initializing kv folders....
2020-10-21 04:26:22,232 - master-node - INFO - error initializing kv folders....
2020-10-21 04:26:22,232 - master-node - INFO - initializing kv folders....
2020-10-21 04:26:22,273 - master-node - INFO - error initializing kv folders....
2020-10-21 04:26:22,273 - master-node - INFO - initializing kv folders....
2020-10-21 04:26:22,314 - master-node - INFO - error initializing kv folders....
2020-10-21 04:26:22,315 - master-node - INFO - initializing kv folders....
2020-10-21 04:26:22,355 - master-node - INFO - error initializing kv folders....
2020-10-21 04:26:22,356 - master-node - INFO - initializing kv folders....
2020-10-21 04:26:22,397 - master-node - INFO - error initializing kv folders....
2020-10-21 04:26:22,398 - master-node - INFO - initializing kv folders....
2020-10-21 04:26:22,438 - master-node - INFO - error initializing kv folders....
2020-10-21 04:26:22,439 - master-node - INFO - initializing kv folders....
2020-10-21 04:26:22,479 - master-node - INFO - error initializing kv folders....
2020-10-21 04:26:22,480 - master-node - INFO - initializing kv folders....
2020-10-21 04:26:22,520 - master-node - INFO - error initializing kv folders....
2020-10-21 04:26:22,521 - master-node - INFO - initializing kv folders....
2020-10-21 04:26:22,561 - master-node - INFO - error initializing kv folders....
2020-10-21 04:26:22,562 - master-node - INFO - initializing kv folders....
2020-10-21 04:26:22,602 - master-node - INFO - error initializing kv folders....
2020-10-21 04:26:22,602 - master-node - INFO - initializing kv folders....
2020-10-21 04:26:22,644 - master-node - INFO - error initializing kv folders....
2020-10-21 04:26:22,644 - master-node - INFO - initializing kv folders....
2020-10-21 04:26:22,684 - master-node - INFO - error initializing kv folders....
2020-10-21 04:26:22,685 - master-node - INFO - initializing kv folders....
2020-10-21 04:26:22,726 - master-node - INFO - error initializing kv folders....
2020-10-21 04:26:22,727 - master-node - INFO - initializing kv folders....
2020-10-21 04:26:22,767 - master-node - INFO - error initializing kv folders....
2020-10-21 04:26:22,768 - master-node - INFO - initializing kv folders....
2020-10-21 04:26:22,809 - master-node - INFO - error initializing kv folders....
2020-10-21 04:26:22,809 - master-node - INFO - initializing kv folders....
2020-10-21 04:26:22,850 - master-node - INFO - error initializing kv folders....
2020-10-21 04:26:22,850 - master-node - INFO - initializing kv folders....
2020-10-21 04:26:58,014 - master-node - INFO - kv folders initialized....
2020-10-21 04:26:58,014 - master-node - INFO - run_mapred called....
2020-10-21 04:26:58,014 - master-node - INFO - processing input....
2020-10-21 04:26:58,014 - master-node - INFO - processing input file....
2020-10-21 04:26:58,017 - master-node - INFO - storing chunks in kv store....
2020-10-21 04:26:58,324 - master-node - INFO - distibuting tasks among mappers...
2020-10-21 04:26:58,329 - master-node - INFO - calling a mapper...
2020-10-21 04:26:58,512 - master-node - INFO - waiting for a mapper...
2020-10-21 04:26:58,513 - master-node - INFO - tasks for a mapper is done...
2020-10-21 04:26:58,514 - master-node - INFO - All a mapper done...
2020-10-21 04:26:58,515 - master-node - INFO - Called intermediate combiner...
2020-10-21 04:26:58,515 - master-node - INFO - Fetching data for intermediate function...
2020-10-21 04:26:58,719 - master-node - INFO - Fetched all data for intermediate function...
2020-10-21 04:26:58,719 - master-node - INFO - Preparing reducer data..
2020-10-21 04:26:58,741 - master-node - INFO - Storing reducer input data..
2020-10-21 04:26:59,619 - master-node - INFO - Stored reducer input data..
2020-10-21 04:33:22,402 - master-node - INFO - init_cluster called....
2020-10-21 04:33:22,403 - master-node - INFO - Checking for key value store....
2020-10-21 04:33:24,009 - master-node - INFO - key value store exists....
2020-10-21 04:33:24,009 - master-node - INFO - Assigned KV ip address
2020-10-21 04:33:24,009 - master-node - INFO - Connecting to kv store...
2020-10-21 04:33:24,010 - master-node - INFO - Connected to kv store...
2020-10-21 04:33:24,010 - master-node - INFO - creating workers....
2020-10-21 04:33:25,613 - master-node - INFO - worker exists
2020-10-21 04:33:25,618 - master-node - INFO - created workers....
2020-10-21 04:33:25,618 - master-node - INFO - Connecting to workers....
2020-10-21 04:33:25,618 - master-node - INFO - connecting to a worker....
2020-10-21 04:33:25,618 - master-node - INFO - connected to a worker....
2020-10-21 04:33:25,618 - master-node - INFO - Connected to workers....
2020-10-21 04:33:25,618 - master-node - INFO - initializing kv folders....
2020-10-21 04:33:25,716 - master-node - INFO - kv folders initialized....
2020-10-21 04:33:25,716 - master-node - INFO - run_mapred called....
2020-10-21 04:33:25,716 - master-node - INFO - processing input....
2020-10-21 04:33:25,716 - master-node - INFO - processing input file....
2020-10-21 04:33:25,719 - master-node - INFO - storing chunks in kv store....
2020-10-21 04:35:04,349 - master-node - INFO - error storing chunks in kv store....
2020-10-21 04:35:04,349 - master-node - INFO - storing chunks in kv store....
2020-10-21 04:35:04,349 - master-node - INFO - error storing chunks in kv store....
2020-10-21 04:35:04,350 - master-node - INFO - storing chunks in kv store....
2020-10-21 04:35:04,873 - master-node - INFO - error storing chunks in kv store....
2020-10-21 04:35:04,873 - master-node - INFO - storing chunks in kv store....
2020-10-21 04:35:04,874 - master-node - INFO - error storing chunks in kv store....
2020-10-21 04:35:04,874 - master-node - INFO - storing chunks in kv store....
2020-10-21 04:35:05,137 - master-node - INFO - error storing chunks in kv store....
2020-10-21 04:35:05,137 - master-node - INFO - storing chunks in kv store....
2020-10-21 04:35:05,138 - master-node - INFO - error storing chunks in kv store....
2020-10-21 04:35:05,138 - master-node - INFO - storing chunks in kv store....
2020-10-21 04:35:05,338 - master-node - INFO - error storing chunks in kv store....
2020-10-21 04:35:05,338 - master-node - INFO - storing chunks in kv store....
2020-10-21 04:35:05,338 - master-node - INFO - error storing chunks in kv store....
2020-10-21 04:35:05,338 - master-node - INFO - storing chunks in kv store....
2020-10-21 04:35:05,487 - master-node - INFO - error storing chunks in kv store....
2020-10-21 04:35:05,487 - master-node - INFO - storing chunks in kv store....
2020-10-21 04:35:05,488 - master-node - INFO - error storing chunks in kv store....
2020-10-21 04:35:05,488 - master-node - INFO - storing chunks in kv store....
2020-10-21 04:35:27,792 - master-node - INFO - init_cluster called....
2020-10-21 04:35:27,792 - master-node - INFO - Checking for key value store....
2020-10-21 04:35:30,622 - master-node - INFO - key value store exists....
2020-10-21 04:35:30,622 - master-node - INFO - Assigned KV ip address
2020-10-21 04:35:30,622 - master-node - INFO - Connecting to kv store...
2020-10-21 04:35:30,623 - master-node - INFO - Connected to kv store...
2020-10-21 04:35:30,623 - master-node - INFO - creating workers....
2020-10-21 04:35:32,212 - master-node - INFO - worker exists
2020-10-21 04:35:32,217 - master-node - INFO - created workers....
2020-10-21 04:35:32,218 - master-node - INFO - Connecting to workers....
2020-10-21 04:35:32,218 - master-node - INFO - connecting to a worker....
2020-10-21 04:35:32,218 - master-node - INFO - connected to a worker....
2020-10-21 04:35:32,218 - master-node - INFO - Connected to workers....
2020-10-21 04:35:32,218 - master-node - INFO - initializing kv folders....
2020-10-21 04:39:37,162 - master-node - INFO - init_cluster called....
2020-10-21 04:39:37,163 - master-node - INFO - Checking for key value store....
2020-10-21 04:39:39,235 - master-node - INFO - Creating key value store instance....
2020-10-21 04:39:39,235 - master-node - INFO - creating key value store....
2020-10-21 04:39:48,771 - master-node - INFO - key value store created....
2020-10-21 04:39:49,020 - master-node - INFO - Assigned KV ip address
2020-10-21 04:39:49,020 - master-node - INFO - Connecting to kv store...
2020-10-21 04:39:49,021 - master-node - INFO - Connected to kv store...
2020-10-21 04:39:49,021 - master-node - INFO - creating workers....
2020-10-21 04:39:50,708 - master-node - INFO - creating a worker
2020-10-21 04:39:59,006 - master-node - INFO - created a worker
2020-10-21 04:39:59,203 - master-node - INFO - created workers....
2020-10-21 04:39:59,203 - master-node - INFO - Connecting to workers....
2020-10-21 04:39:59,203 - master-node - INFO - connecting to a worker....
2020-10-21 04:39:59,204 - master-node - INFO - connected to a worker....
2020-10-21 04:39:59,204 - master-node - INFO - Connected to workers....
2020-10-21 04:39:59,204 - master-node - INFO - initializing kv folders....
2020-10-21 04:40:18,341 - master-node - INFO - error initializing kv folders....
2020-10-21 04:40:18,341 - master-node - INFO - initializing kv folders....
2020-10-21 04:40:18,386 - master-node - INFO - error initializing kv folders....
2020-10-21 04:40:18,386 - master-node - INFO - initializing kv folders....
2020-10-21 04:40:18,441 - master-node - INFO - error initializing kv folders....
2020-10-21 04:40:18,442 - master-node - INFO - initializing kv folders....
2020-10-21 04:40:18,495 - master-node - INFO - error initializing kv folders....
2020-10-21 04:40:18,496 - master-node - INFO - initializing kv folders....
2020-10-21 04:40:18,545 - master-node - INFO - error initializing kv folders....
2020-10-21 04:40:18,545 - master-node - INFO - initializing kv folders....
2020-10-21 04:40:18,595 - master-node - INFO - error initializing kv folders....
2020-10-21 04:40:18,595 - master-node - INFO - initializing kv folders....
2020-10-21 04:40:18,645 - master-node - INFO - error initializing kv folders....
2020-10-21 04:40:18,645 - master-node - INFO - initializing kv folders....
2020-10-21 04:40:18,700 - master-node - INFO - error initializing kv folders....
2020-10-21 04:40:18,700 - master-node - INFO - initializing kv folders....
2020-10-21 04:40:18,768 - master-node - INFO - error initializing kv folders....
2020-10-21 04:40:18,768 - master-node - INFO - initializing kv folders....
2020-10-21 04:40:18,844 - master-node - INFO - error initializing kv folders....
2020-10-21 04:40:18,844 - master-node - INFO - initializing kv folders....
2020-10-21 04:40:18,900 - master-node - INFO - error initializing kv folders....
2020-10-21 04:40:18,900 - master-node - INFO - initializing kv folders....
2020-10-21 04:40:18,959 - master-node - INFO - error initializing kv folders....
2020-10-21 04:40:18,959 - master-node - INFO - initializing kv folders....
2020-10-21 04:40:19,009 - master-node - INFO - error initializing kv folders....
2020-10-21 04:40:19,009 - master-node - INFO - initializing kv folders....
2020-10-21 04:40:19,059 - master-node - INFO - error initializing kv folders....
2020-10-21 04:40:19,059 - master-node - INFO - initializing kv folders....
2020-10-21 04:41:26,363 - master-node - INFO - kv folders initialized....
2020-10-21 04:41:26,363 - master-node - INFO - run_mapred called....
2020-10-21 04:41:26,363 - master-node - INFO - processing input....
2020-10-21 04:41:26,363 - master-node - INFO - processing input file....
2020-10-21 04:41:26,366 - master-node - INFO - storing chunks in kv store....
2020-10-21 04:41:26,824 - master-node - INFO - stored chunks in kv store....
2020-10-21 04:41:26,825 - master-node - INFO - distibuting tasks among mappers...
2020-10-21 04:41:26,830 - master-node - INFO - calling a mapper...
2020-10-21 04:41:27,021 - master-node - INFO - waiting for a mapper...
2020-10-21 04:41:27,021 - master-node - INFO - tasks for a mapper is done...
2020-10-21 04:41:27,022 - master-node - INFO - All a mapper done...
2020-10-21 04:41:27,023 - master-node - INFO - Called intermediate combiner...
2020-10-21 04:41:27,023 - master-node - INFO - Fetching data for intermediate function...
2020-10-21 04:41:27,526 - master-node - INFO - Fetched all data for intermediate function...
2020-10-21 04:41:27,526 - master-node - INFO - Preparing reducer data..
2020-10-21 04:41:27,546 - master-node - INFO - Storing reducer input data..
2020-10-21 04:41:28,346 - master-node - INFO - Stored reducer input data..
2020-10-21 04:41:43,790 - master-node - INFO - init_cluster called....
2020-10-21 04:41:43,790 - master-node - INFO - Checking for key value store....
2020-10-21 04:41:45,480 - master-node - INFO - key value store exists....
2020-10-21 04:41:45,480 - master-node - INFO - Assigned KV ip address
2020-10-21 04:41:45,480 - master-node - INFO - Connecting to kv store...
2020-10-21 04:41:45,480 - master-node - INFO - Connected to kv store...
2020-10-21 04:41:45,480 - master-node - INFO - creating workers....
2020-10-21 04:41:47,322 - master-node - INFO - worker exists
2020-10-21 04:41:47,328 - master-node - INFO - created workers....
2020-10-21 04:41:47,328 - master-node - INFO - Connecting to workers....
2020-10-21 04:41:47,328 - master-node - INFO - connecting to a worker....
2020-10-21 04:41:47,328 - master-node - INFO - connected to a worker....
2020-10-21 04:41:47,328 - master-node - INFO - Connected to workers....
2020-10-21 04:41:47,328 - master-node - INFO - initializing kv folders....
2020-10-21 04:41:47,449 - master-node - INFO - kv folders initialized....
2020-10-21 04:41:47,449 - master-node - INFO - run_mapred called....
2020-10-21 04:41:47,449 - master-node - INFO - processing input....
2020-10-21 04:41:47,449 - master-node - INFO - processing input file....
2020-10-21 04:41:47,453 - master-node - INFO - storing chunks in kv store....
2020-10-21 04:41:47,809 - master-node - INFO - stored chunks in kv store....
2020-10-21 04:41:47,810 - master-node - INFO - distibuting tasks among mappers...
2020-10-21 04:41:47,815 - master-node - INFO - calling a mapper...
2020-10-21 04:41:47,999 - master-node - INFO - waiting for a mapper...
2020-10-21 04:41:48,000 - master-node - INFO - tasks for a mapper is done...
2020-10-21 04:41:48,002 - master-node - INFO - All a mapper done...
2020-10-21 04:41:48,003 - master-node - INFO - Called intermediate combiner...
2020-10-21 04:41:48,003 - master-node - INFO - Fetching data for intermediate function...
2020-10-21 04:41:48,274 - master-node - INFO - Fetched all data for intermediate function...
2020-10-21 04:41:48,274 - master-node - INFO - Preparing reducer data..
2020-10-21 04:41:48,296 - master-node - INFO - Storing reducer input data..
2020-10-21 04:41:49,904 - master-node - INFO - Stored reducer input data..
2020-10-21 04:42:41,232 - master-node - INFO - init_cluster called....
2020-10-21 04:42:41,232 - master-node - INFO - Checking for key value store....
2020-10-21 04:42:43,088 - master-node - INFO - key value store exists....
2020-10-21 04:42:43,089 - master-node - INFO - Assigned KV ip address
2020-10-21 04:42:43,089 - master-node - INFO - Connecting to kv store...
2020-10-21 04:42:43,089 - master-node - INFO - Connected to kv store...
2020-10-21 04:42:43,089 - master-node - INFO - creating workers....
2020-10-21 04:42:44,565 - master-node - INFO - worker exists
2020-10-21 04:42:44,570 - master-node - INFO - created workers....
2020-10-21 04:42:44,571 - master-node - INFO - Connecting to workers....
2020-10-21 04:42:44,571 - master-node - INFO - connecting to a worker....
2020-10-21 04:42:44,571 - master-node - INFO - connected to a worker....
2020-10-21 04:42:44,571 - master-node - INFO - Connected to workers....
2020-10-21 04:42:44,571 - master-node - INFO - initializing kv folders....
2020-10-21 04:42:44,667 - master-node - INFO - kv folders initialized....
2020-10-21 04:42:44,667 - master-node - INFO - run_mapred called....
2020-10-21 04:42:44,667 - master-node - INFO - processing input....
2020-10-21 04:42:44,667 - master-node - INFO - processing input file....
2020-10-21 04:42:44,671 - master-node - INFO - storing chunks in kv store....
2020-10-21 04:42:45,074 - master-node - INFO - stored chunks in kv store....
2020-10-21 04:42:45,075 - master-node - INFO - distibuting tasks among mappers...
2020-10-21 04:42:45,080 - master-node - INFO - calling a mapper...
2020-10-21 04:42:45,275 - master-node - INFO - waiting for a mapper...
2020-10-21 04:42:45,275 - master-node - INFO - tasks for a mapper is done...
2020-10-21 04:42:45,277 - master-node - INFO - All a mapper done...
2020-10-21 04:42:45,277 - master-node - INFO - Called intermediate combiner...
2020-10-21 04:42:45,278 - master-node - INFO - Fetching data for intermediate function...
2020-10-21 04:42:45,502 - master-node - INFO - Fetched all data for intermediate function...
2020-10-21 04:42:45,502 - master-node - INFO - Preparing reducer data..
2020-10-21 04:42:45,523 - master-node - INFO - Storing reducer input data..
2020-10-21 04:42:46,072 - master-node - INFO - Stored reducer input data..
2020-10-21 04:43:51,096 - master-node - INFO - Master running on port 3389
